Arguments: 
  /Users/levente.balogh/.nvm/versions/node/v14.17.5/bin/node /Users/levente.balogh/.nvm/versions/node/v14.17.5/bin/yarn

PATH: 
  /Users/levente.balogh/.nvm/versions/node/v14.17.5/bin:/Users/levente.balogh/bin:/Users/levente.balogh/scripts/bin:/Users/levente.balogh/dev/flutter/bin:/usr/local/bin:/usr/bin:/bin:/usr/sbin:/sbin:/usr/local/go/bin:/usr/local/MacGPG2/bin:/opt/X11/bin:/Users/levente.balogh/.nvm/versions/node/v14.17.5/bin:/Users/levente.balogh/bin:/Users/levente.balogh/scripts/bin:/Users/levente.balogh/dev/flutter/bin:/Users/levente.balogh/go/bin:/Users/levente.balogh/go/bin

Yarn version: 
  1.22.15

Node version: 
  14.17.5

Platform: 
  darwin x64

Trace: 
  SyntaxError: /Users/levente.balogh/grafana/poc3/package.json: Unexpected token } in JSON at position 521
      at JSON.parse (<anonymous>)
      at /Users/levente.balogh/.nvm/versions/node/v14.17.5/lib/node_modules/yarn/lib/cli.js:1625:59
      at Generator.next (<anonymous>)
      at step (/Users/levente.balogh/.nvm/versions/node/v14.17.5/lib/node_modules/yarn/lib/cli.js:310:30)
      at /Users/levente.balogh/.nvm/versions/node/v14.17.5/lib/node_modules/yarn/lib/cli.js:321:13

npm manifest: 
  {
    "name": "@grafana/poc3",
    "version": "0.0.1",
    "private": true,
    "description": "An experimental tool for helping to understand APIs used by plugins and detecting breaking changes.",
    "main": "index.js",
    "scripts": {
      "dev-compare": "nodemon --exec 'tsc ./src/bin.compare.ts --m commonjs --outDir ./bin && node ./bin/bin.compare.js ./fixtures/bundle-old.ts ./fixtures/bundle-new.ts'",
      "dev-imports": "nodemon --exec 'tsc ./src/bin.imports.ts --m commonjs --outDir ./bin && node ./bin/bin.imports.js'",
    },
    "keywords": [],
    "author": "",
    "license": "ISC",
    "dependencies": {
      "debug": "^4.3.2",
      "typescript": "^4.5.2"
    },
    "devDependencies": {
      "@types/node": "^16.11.10",
      "nodemon": "^2.0.15"
    },
    "nodemonConfig": {
      "watch": [
        "*.ts"
      ],
      "ext": "*",
      "events": {
        "start": "cls || clear"
      }
    }
  }

yarn manifest: 
  No manifest

Lockfile: 
  No lockfile
